<?xml version="1.0" encoding="UTF-8"?>
<!-- Generated by org.testng.reporters.JUnitXMLReporter -->
<testsuite ignored="0" hostname="DESKTOP-OA3ENQ8" failures="0" tests="3" name="Default test" time="33.769" errors="0" timestamp="2021-05-27T11:46:05 ICT">
  <testcase classname="ios.TestAppAndroid" name="addTest" time="4.304"/>
  <testcase classname="ios.TestAppAndroid" name="mulTest" time="4.212"/>
  <testcase classname="ios.TestAppAndroid" name="x" time="0.001"/>
</testsuite> <!-- Default test -->
